[debug] [2022-12-23T22:10:20.727Z] ----------------------------------------------------------------------
[debug] [2022-12-23T22:10:20.731Z] Command:       C:\Program Files\nodejs\node.exe C:\Users\Dell\AppData\Roaming\npm\node_modules\firebase-tools\lib\bin\firebase.js login
[debug] [2022-12-23T22:10:20.732Z] CLI Version:   11.19.0
[debug] [2022-12-23T22:10:20.732Z] Platform:      win32
[debug] [2022-12-23T22:10:20.732Z] Node Version:  v18.12.1
[debug] [2022-12-23T22:10:20.733Z] Time:          Sat Dec 24 2022 01:10:20 GMT+0300 (GMT+03:00)
[debug] [2022-12-23T22:10:20.734Z] ----------------------------------------------------------------------
[debug] 
[info] i  Firebase optionally collects CLI and Emulator Suite usage and error reporting information to help improve our products. Data is collected in accordance with Google's privacy policy (https://policies.google.com/privacy) and is not used to identify you.
 
[info] i  To change your data collection preference at any time, run `firebase logout` and log in again. 
[info] 
[info] Visit this URL on this device to log in:
[info] https://accounts.google.com/o/oauth2/auth?client_id=563584335869-fgrhgmd47bqnekij5i8b5pr03ho849e6.apps.googleusercontent.com&scope=email%20openid%20https%3A%2F%2Fwww.googleapis.com%2Fauth%2Fcloudplatformprojects.readonly%20https%3A%2F%2Fwww.googleapis.com%2Fauth%2Ffirebase%20https%3A%2F%2Fwww.googleapis.com%2Fauth%2Fcloud-platform&response_type=code&state=739157547&redirect_uri=http%3A%2F%2Flocalhost%3A9005
[info] 
[info] Waiting for authentication...
[debug] [2022-12-23T22:10:22.721Z] Error: spawn cmd ENOENT
    at ChildProcess._handle.onexit (node:internal/child_process:283:19)
    at onErrorNT (node:internal/child_process:476:16)
    at process.processTicksAndRejections (node:internal/process/task_queues:82:21)
[error] 
[error] Error: An unexpected error has occurred.
[debug] [2022-12-23T22:13:33.031Z] ----------------------------------------------------------------------
[debug] [2022-12-23T22:13:33.035Z] Command:       C:\Program Files\nodejs\node.exe C:\Users\Dell\AppData\Roaming\npm\node_modules\firebase-tools\lib\bin\firebase.js login
[debug] [2022-12-23T22:13:33.036Z] CLI Version:   11.19.0
[debug] [2022-12-23T22:13:33.036Z] Platform:      win32
[debug] [2022-12-23T22:13:33.036Z] Node Version:  v18.12.1
[debug] [2022-12-23T22:13:33.037Z] Time:          Sat Dec 24 2022 01:13:33 GMT+0300 (GMT+03:00)
[debug] [2022-12-23T22:13:33.038Z] ----------------------------------------------------------------------
[debug] 
[info] i  Firebase optionally collects CLI and Emulator Suite usage and error reporting information to help improve our products. Data is collected in accordance with Google's privacy policy (https://policies.google.com/privacy) and is not used to identify you.
 
[info] 
[info] Visit this URL on this device to log in:
[info] https://accounts.google.com/o/oauth2/auth?client_id=563584335869-fgrhgmd47bqnekij5i8b5pr03ho849e6.apps.googleusercontent.com&scope=email%20openid%20https%3A%2F%2Fwww.googleapis.com%2Fauth%2Fcloudplatformprojects.readonly%20https%3A%2F%2Fwww.googleapis.com%2Fauth%2Ffirebase%20https%3A%2F%2Fwww.googleapis.com%2Fauth%2Fcloud-platform&response_type=code&state=738736099&redirect_uri=http%3A%2F%2Flocalhost%3A9005
[info] 
[info] Waiting for authentication...
[debug] [2022-12-23T22:13:36.635Z] Error: spawn cmd ENOENT
    at ChildProcess._handle.onexit (node:internal/child_process:283:19)
    at onErrorNT (node:internal/child_process:476:16)
    at process.processTicksAndRejections (node:internal/process/task_queues:82:21)
[error] 
[error] Error: An unexpected error has occurred.
